<?xml version="1.0" encoding="UTF-8"?>
<beans xmlns="http://www.springframework.org/schema/beans"
       xmlns:xsi="http://www.w3.org/2001/XMLSchema-instance"
       xmlns:context="http://www.springframework.org/schema/context"
       xmlns:lang="http://www.springframework.org/schema/lang"
       xmlns:tx="http://www.springframework.org/schema/tx"
       xmlns:util="http://www.springframework.org/schema/util"
       xmlns:p="http://www.springframework.org/schema/p"
       xsi:schemaLocation="http://www.springframework.org/schema/beans http://www.springframework.org/schema/beans/spring-beans-3.0.xsd
       http://www.springframework.org/schema/context http://www.springframework.org/schema/context/spring-context-3.0.xsd
       http://www.springframework.org/schema/lang http://www.springframework.org/schema/lang/spring-lang-3.0.xsd
       http://www.springframework.org/schema/tx http://www.springframework.org/schema/tx/spring-tx-3.0.xsd
       http://www.springframework.org/schema/util http://www.springframework.org/schema/util/spring-util-3.0.xsd">

	<context:component-scan base-package="com.flurdy.grid.snaps.dao,com.flurdy.grid.snaps.domain,com.flurdy.grid.snaps.exception" />

    <bean id="securityService" name="mockSecurityService" class="org.mockito.Mockito" factory-method="mock"  >
        <constructor-arg value="com.flurdy.grid.snaps.service.SecurityService"/>
     </bean>
    <bean id="realSecurityService" class="com.flurdy.grid.snaps.service.SecurityService" />
    <bean id="holidayGroupService" class="com.flurdy.grid.snaps.service.HolidayGroupService" />
    <bean id="photoAlbumService" class="com.flurdy.grid.snaps.service.PhotoAlbumService" />
    <bean id="travellerService" class="com.flurdy.grid.snaps.service.TravellerService" />
    <bean id="adminService" class="com.flurdy.grid.snaps.service.AdminService" />

	<context:annotation-config />

    <bean id="passwordEncoder" class="org.springframework.security.authentication.encoding.ShaPasswordEncoder" />

</beans>